TN:
SF:src\modules\appointments\services\CreateAppointmentService.ts
FN:33,__decorate
FN:33,__metadata
FN:33,__param
FN:33,__awaiter
FN:33,adopt
FN:33,fulfilled
FN:33,rejected
FN:33,step
FN:33,__generator
FN:33,sent
FN:33,g.<computed>
FN:33,verb
FN:33,step
FN:13,CreateAppointmentService
FN:18,CreateAppointmentService.execute
FNF:15
FNH:13
FNDA:1,__decorate
FNDA:1,__metadata
FNDA:1,__param
FNDA:3,__awaiter
FNDA:5,adopt
FNDA:5,fulfilled
FNDA:0,rejected
FNDA:7,step
FNDA:3,__generator
FNDA:5,sent
FNDA:0,g.<computed>
FNDA:9,verb
FNDA:8,step
FNDA:2,CreateAppointmentService
FNDA:3,CreateAppointmentService.execute
DA:1,1
DA:2,1
DA:3,1
DA:4,1
DA:5,1
DA:6,1
DA:7,1
DA:8,1
DA:9,1
DA:10,1
DA:11,1
DA:12,1
DA:13,1
DA:14,2
DA:15,2
DA:16,2
DA:17,1
DA:18,1
DA:19,3
DA:20,3
DA:21,3
DA:22,3
DA:23,3
DA:24,1
DA:25,1
DA:26,2
DA:27,2
DA:28,3
DA:29,3
DA:30,3
DA:31,1
DA:32,1
DA:33,1
LF:33
LH:33
BRDA:33,0,0,1
BRDA:33,1,0,1
BRDA:33,2,0,0
BRDA:33,3,0,0
BRDA:33,4,0,0
BRDA:33,5,0,0
BRDA:33,6,0,1
BRDA:33,7,0,1
BRDA:33,8,0,1
BRDA:33,9,0,3
BRDA:33,10,0,5
BRDA:33,11,0,0
BRDA:33,12,0,3
BRDA:33,13,0,5
BRDA:33,14,0,4
BRDA:33,15,0,1
BRDA:33,16,0,7
BRDA:33,17,0,2
BRDA:33,18,0,5
BRDA:33,19,0,3
BRDA:33,20,0,5
BRDA:33,21,0,0
BRDA:33,22,0,9
BRDA:33,23,0,8
BRDA:33,24,0,8
BRDA:33,25,0,0
BRDA:33,26,0,16
BRDA:33,27,0,0
BRDA:33,28,0,0
BRDA:33,29,0,0
BRDA:33,30,0,0
BRDA:33,31,0,8
BRDA:33,32,0,8
BRDA:33,33,0,5
BRDA:33,34,0,0
BRDA:33,35,0,0
BRDA:33,36,0,3
BRDA:33,37,0,0
BRDA:33,38,0,2
BRDA:33,39,0,0
BRDA:33,40,0,0
BRDA:33,41,0,0
BRDA:33,42,0,0
BRDA:33,43,0,8
BRDA:33,44,0,7
BRDA:33,45,0,1
BRDA:33,46,0,8
BRDA:33,47,0,3
BRDA:33,48,0,1
BRDA:33,49,0,2
BRDA:33,50,0,0
BRDA:12,51,0,1
BRDA:13,52,0,2
BRDA:18,53,0,3
BRDA:33,54,0,3
BRDA:33,55,0,8
BRDA:33,56,0,3
BRDA:33,57,0,3
BRDA:23,58,0,1
BRDA:25,59,0,2
BRDA:33,60,0,2
BRF:61
BRH:42
end_of_record
TN:
SF:src\modules\users\services\AuthenticateUserService.ts
FN:51,__decorate
FN:51,__metadata
FN:51,__param
FN:51,__awaiter
FN:51,adopt
FN:51,fulfilled
FN:51,rejected
FN:51,step
FN:51,__generator
FN:51,sent
FN:51,g.<computed>
FN:51,verb
FN:51,step
FN:51,__importDefault
FN:21,AuthenticateUserService
FN:29,AuthenticateUserService.execute
FNF:16
FNH:14
FNDA:1,__decorate
FNDA:1,__metadata
FNDA:2,__param
FNDA:3,__awaiter
FNDA:5,adopt
FNDA:5,fulfilled
FNDA:0,rejected
FNDA:6,step
FNDA:3,__generator
FNDA:5,sent
FNDA:0,g.<computed>
FNDA:9,verb
FNDA:8,step
FNDA:1,__importDefault
FNDA:3,AuthenticateUserService
FNDA:3,AuthenticateUserService.execute
DA:1,1
DA:2,1
DA:3,1
DA:4,1
DA:5,1
DA:6,1
DA:7,1
DA:8,1
DA:9,1
DA:10,1
DA:11,1
DA:12,1
DA:13,1
DA:14,1
DA:15,1
DA:16,1
DA:17,1
DA:18,1
DA:19,1
DA:20,1
DA:21,1
DA:22,3
DA:23,3
DA:24,3
DA:25,3
DA:26,3
DA:27,3
DA:28,1
DA:29,1
DA:30,3
DA:31,3
DA:32,3
DA:33,1
DA:34,1
DA:35,2
DA:36,2
DA:37,3
DA:38,3
DA:39,1
DA:40,1
DA:41,1
DA:42,1
DA:43,1
DA:44,1
DA:45,1
DA:46,1
DA:47,1
DA:48,1
DA:49,1
DA:50,3
DA:51,1
LF:51
LH:51
BRDA:51,0,0,1
BRDA:51,1,0,1
BRDA:51,2,0,0
BRDA:51,3,0,0
BRDA:51,4,0,0
BRDA:51,5,0,0
BRDA:51,6,0,1
BRDA:51,7,0,2
BRDA:51,8,0,2
BRDA:51,9,0,3
BRDA:51,10,0,5
BRDA:51,11,0,0
BRDA:51,12,0,3
BRDA:51,13,0,5
BRDA:51,14,0,3
BRDA:51,15,0,2
BRDA:51,16,0,6
BRDA:51,17,0,1
BRDA:51,18,0,5
BRDA:51,19,0,3
BRDA:51,20,0,5
BRDA:51,21,0,0
BRDA:51,22,0,9
BRDA:51,23,0,8
BRDA:51,24,0,8
BRDA:51,25,0,0
BRDA:51,26,0,16
BRDA:51,27,0,0
BRDA:51,28,0,0
BRDA:51,29,0,0
BRDA:51,30,0,0
BRDA:51,31,0,8
BRDA:51,32,0,8
BRDA:51,33,0,5
BRDA:51,34,0,0
BRDA:51,35,0,0
BRDA:51,36,0,3
BRDA:51,37,0,0
BRDA:51,38,0,1
BRDA:51,39,0,0
BRDA:51,40,0,0
BRDA:51,41,0,0
BRDA:51,42,0,0
BRDA:51,43,0,8
BRDA:51,44,0,6
BRDA:51,45,0,2
BRDA:51,46,0,8
BRDA:51,47,0,3
BRDA:51,48,0,2
BRDA:51,49,0,1
BRDA:51,50,0,0
BRDA:51,51,0,1
BRDA:51,52,0,0
BRDA:20,53,0,1
BRDA:21,54,0,3
BRDA:29,55,0,3
BRDA:51,56,0,3
BRDA:51,57,0,8
BRDA:30,58,0,3
BRDA:51,59,0,3
BRDA:32,60,0,1
BRDA:34,61,0,2
BRDA:51,62,0,2
BRDA:38,63,0,1
BRF:64
BRH:44
end_of_record
TN:
SF:src\modules\users\services\CreateUserService.ts
FN:35,__decorate
FN:35,__metadata
FN:35,__param
FN:35,__awaiter
FN:35,adopt
FN:35,fulfilled
FN:35,rejected
FN:35,step
FN:35,__generator
FN:35,sent
FN:35,g.<computed>
FN:35,verb
FN:35,step
FN:14,CreateUserService
FN:22,CreateUserService.execute
FNF:15
FNH:13
FNDA:2,__decorate
FNDA:2,__metadata
FNDA:4,__param
FNDA:5,__awaiter
FNDA:13,adopt
FNDA:13,fulfilled
FNDA:0,rejected
FNDA:17,step
FNDA:5,__generator
FNDA:13,sent
FNDA:0,g.<computed>
FNDA:15,verb
FNDA:18,step
FNDA:4,CreateUserService
FNDA:5,CreateUserService.execute
DA:1,1
DA:2,1
DA:3,1
DA:4,1
DA:5,1
DA:6,1
DA:7,1
DA:8,1
DA:9,1
DA:10,1
DA:11,1
DA:12,1
DA:13,2
DA:14,2
DA:15,4
DA:16,4
DA:17,4
DA:18,4
DA:19,4
DA:20,4
DA:21,2
DA:22,2
DA:23,5
DA:24,5
DA:25,5
DA:26,1
DA:27,1
DA:28,4
DA:29,4
DA:30,5
DA:31,5
DA:32,5
DA:33,5
DA:34,5
DA:35,2
LF:35
LH:35
BRDA:35,0,0,2
BRDA:35,1,0,2
BRDA:35,2,0,0
BRDA:35,3,0,0
BRDA:35,4,0,0
BRDA:35,5,0,0
BRDA:35,6,0,2
BRDA:35,7,0,4
BRDA:35,8,0,4
BRDA:35,9,0,5
BRDA:35,10,0,13
BRDA:35,11,0,0
BRDA:35,12,0,5
BRDA:35,13,0,13
BRDA:35,14,0,12
BRDA:35,15,0,1
BRDA:35,16,0,17
BRDA:35,17,0,4
BRDA:35,18,0,13
BRDA:35,19,0,5
BRDA:35,20,0,13
BRDA:35,21,0,0
BRDA:35,22,0,15
BRDA:35,23,0,18
BRDA:35,24,0,18
BRDA:35,25,0,0
BRDA:35,26,0,36
BRDA:35,27,0,0
BRDA:35,28,0,0
BRDA:35,29,0,0
BRDA:35,30,0,0
BRDA:35,31,0,18
BRDA:35,32,0,18
BRDA:35,33,0,13
BRDA:35,34,0,0
BRDA:35,35,0,0
BRDA:35,36,0,5
BRDA:35,37,0,0
BRDA:35,38,0,4
BRDA:35,39,0,0
BRDA:35,40,0,0
BRDA:35,41,0,0
BRDA:35,42,0,0
BRDA:35,43,0,28
BRDA:35,44,0,18
BRDA:35,45,0,17
BRDA:35,46,0,1
BRDA:35,47,0,18
BRDA:35,48,0,5
BRDA:35,49,0,1
BRDA:35,50,0,4
BRDA:35,51,0,0
BRDA:13,52,0,2
BRDA:14,53,0,4
BRDA:22,54,0,5
BRDA:35,55,0,5
BRDA:35,56,0,18
BRDA:23,57,0,5
BRDA:35,58,0,5
BRDA:25,59,0,1
BRDA:27,60,0,4
BRDA:35,61,0,4
BRDA:35,62,0,4
BRF:63
BRH:44
end_of_record
TN:
SF:src\modules\users\services\UpdateUserAvatarService.ts
FN:41,__decorate
FN:41,__metadata
FN:41,__param
FN:41,__awaiter
FN:41,adopt
FN:41,fulfilled
FN:41,rejected
FN:41,step
FN:41,__generator
FN:41,sent
FN:41,g.<computed>
FN:41,verb
FN:41,step
FN:41,__importDefault
FN:14,UpdateUserAvatarService
FN:22,UpdateUserAvatarService.execute
FNF:16
FNH:14
FNDA:1,__decorate
FNDA:1,__metadata
FNDA:2,__param
FNDA:4,__awaiter
FNDA:11,adopt
FNDA:11,fulfilled
FNDA:0,rejected
FNDA:14,step
FNDA:4,__generator
FNDA:11,sent
FNDA:0,g.<computed>
FNDA:12,verb
FNDA:15,step
FNDA:1,__importDefault
FNDA:3,UpdateUserAvatarService
FNDA:4,UpdateUserAvatarService.execute
DA:1,1
DA:2,1
DA:3,1
DA:4,1
DA:5,1
DA:6,1
DA:7,1
DA:8,1
DA:9,1
DA:10,1
DA:11,1
DA:12,1
DA:13,1
DA:14,1
DA:15,3
DA:16,3
DA:17,3
DA:18,3
DA:19,3
DA:20,3
DA:21,1
DA:22,1
DA:23,4
DA:24,4
DA:25,4
DA:26,1
DA:27,1
DA:28,3
DA:29,3
DA:30,1
DA:31,4
DA:32,4
DA:33,4
DA:34,4
DA:35,4
DA:36,4
DA:37,4
DA:38,4
DA:39,4
DA:40,4
DA:41,1
LF:41
LH:41
BRDA:41,0,0,1
BRDA:41,1,0,1
BRDA:41,2,0,0
BRDA:41,3,0,0
BRDA:41,4,0,0
BRDA:41,5,0,0
BRDA:41,6,0,1
BRDA:41,7,0,2
BRDA:41,8,0,2
BRDA:41,9,0,4
BRDA:41,10,0,11
BRDA:41,11,0,0
BRDA:41,12,0,4
BRDA:41,13,0,11
BRDA:41,14,0,10
BRDA:41,15,0,1
BRDA:41,16,0,14
BRDA:41,17,0,3
BRDA:41,18,0,11
BRDA:41,19,0,4
BRDA:41,20,0,11
BRDA:41,21,0,0
BRDA:41,22,0,12
BRDA:41,23,0,15
BRDA:41,24,0,15
BRDA:41,25,0,0
BRDA:41,26,0,32
BRDA:41,27,0,0
BRDA:41,28,0,0
BRDA:41,29,0,0
BRDA:41,30,0,0
BRDA:41,31,0,15
BRDA:41,32,0,15
BRDA:41,33,0,11
BRDA:41,34,0,0
BRDA:41,35,0,0
BRDA:41,36,0,6
BRDA:41,37,0,0
BRDA:41,38,0,5
BRDA:41,39,0,4
BRDA:41,40,0,2
BRDA:41,41,0,0
BRDA:41,42,0,2
BRDA:41,43,0,0
BRDA:41,44,0,0
BRDA:41,45,0,0
BRDA:41,46,0,17
BRDA:41,47,0,16
BRDA:41,48,0,1
BRDA:41,49,0,17
BRDA:41,50,0,4
BRDA:41,51,0,1
BRDA:41,52,0,3
BRDA:41,53,0,0
BRDA:41,54,0,1
BRDA:41,55,0,0
BRDA:13,56,0,1
BRDA:14,57,0,3
BRDA:22,58,0,4
BRDA:41,59,0,4
BRDA:41,60,0,17
BRDA:23,61,0,4
BRDA:41,62,0,4
BRDA:25,63,0,1
BRDA:27,64,0,3
BRDA:29,65,0,2
BRDA:29,66,0,1
BRDA:41,67,0,1
BRDA:33,68,0,3
BRDA:41,69,0,3
BRDA:41,70,0,3
BRF:71
BRH:51
end_of_record
